Traceback (most recent call last):
  File "/Users/honghui/anaconda/anaconda3/lib/python3.12/site-packages/jupyter_cache/executors/utils.py", line 58, in single_nb_execution
    executenb(
  File "/Users/honghui/anaconda/anaconda3/lib/python3.12/site-packages/nbclient/client.py", line 1305, in execute
    return NotebookClient(nb=nb, resources=resources, km=km, **kwargs).execute()
           ^^^^^^^^^^^^^^^^^^^^^^^^^^^^^^^^^^^^^^^^^^^^^^^^^^^^^^^^^^^^^^^^^^^^^
  File "/Users/honghui/anaconda/anaconda3/lib/python3.12/site-packages/jupyter_core/utils/__init__.py", line 165, in wrapped
    return loop.run_until_complete(inner)
           ^^^^^^^^^^^^^^^^^^^^^^^^^^^^^^
  File "/Users/honghui/anaconda/anaconda3/lib/python3.12/asyncio/base_events.py", line 685, in run_until_complete
    return future.result()
           ^^^^^^^^^^^^^^^
  File "/Users/honghui/anaconda/anaconda3/lib/python3.12/site-packages/nbclient/client.py", line 705, in async_execute
    await self.async_execute_cell(
  File "/Users/honghui/anaconda/anaconda3/lib/python3.12/site-packages/nbclient/client.py", line 1058, in async_execute_cell
    await self._check_raise_for_error(cell, cell_index, exec_reply)
  File "/Users/honghui/anaconda/anaconda3/lib/python3.12/site-packages/nbclient/client.py", line 914, in _check_raise_for_error
    raise CellExecutionError.from_cell_and_msg(cell, exec_reply_content)
nbclient.exceptions.CellExecutionError: An error occurred while executing the following cell:
------------------
spec = fits.open('/mnt/e/DATA/NuSTAR/CygX-1/91002320002/products/nu91002320002A01_sr.pha')
spec.info()
------------------


[0;31m---------------------------------------------------------------------------[0m
[0;31mFileNotFoundError[0m                         Traceback (most recent call last)
Cell [0;32mIn[2], line 1[0m
[0;32m----> 1[0m spec [38;5;241m=[39m fits[38;5;241m.[39mopen([38;5;124m'[39m[38;5;124m/mnt/e/DATA/NuSTAR/CygX-1/91002320002/products/nu91002320002A01_sr.pha[39m[38;5;124m'[39m)
[1;32m      2[0m spec[38;5;241m.[39minfo()

File [0;32m~/anaconda/anaconda3/lib/python3.12/site-packages/astropy/io/fits/hdu/hdulist.py:223[0m, in [0;36mfitsopen[0;34m(name, mode, memmap, save_backup, cache, lazy_load_hdus, ignore_missing_simple, use_fsspec, fsspec_kwargs, decompress_in_memory, **kwargs)[0m
[1;32m    220[0m [38;5;28;01mif[39;00m [38;5;129;01mnot[39;00m name:
[1;32m    221[0m     [38;5;28;01mraise[39;00m [38;5;167;01mValueError[39;00m([38;5;124mf[39m[38;5;124m"[39m[38;5;124mEmpty filename: [39m[38;5;132;01m{[39;00mname[38;5;132;01m!r}[39;00m[38;5;124m"[39m)
[0;32m--> 223[0m [38;5;28;01mreturn[39;00m HDUList[38;5;241m.[39mfromfile(
[1;32m    224[0m     name,
[1;32m    225[0m     mode,
[1;32m    226[0m     memmap,
[1;32m    227[0m     save_backup,
[1;32m    228[0m     cache,
[1;32m    229[0m     lazy_load_hdus,
[1;32m    230[0m     ignore_missing_simple,
[1;32m    231[0m     use_fsspec[38;5;241m=[39muse_fsspec,
[1;32m    232[0m     fsspec_kwargs[38;5;241m=[39mfsspec_kwargs,
[1;32m    233[0m     decompress_in_memory[38;5;241m=[39mdecompress_in_memory,
[1;32m    234[0m     [38;5;241m*[39m[38;5;241m*[39mkwargs,
[1;32m    235[0m )

File [0;32m~/anaconda/anaconda3/lib/python3.12/site-packages/astropy/io/fits/hdu/hdulist.py:487[0m, in [0;36mHDUList.fromfile[0;34m(cls, fileobj, mode, memmap, save_backup, cache, lazy_load_hdus, ignore_missing_simple, **kwargs)[0m
[1;32m    468[0m [38;5;129m@classmethod[39m
[1;32m    469[0m [38;5;28;01mdef[39;00m [38;5;21mfromfile[39m(
[1;32m    470[0m     [38;5;28mcls[39m,
[0;32m   (...)[0m
[1;32m    478[0m     [38;5;241m*[39m[38;5;241m*[39mkwargs,
[1;32m    479[0m ):
[1;32m    480[0m [38;5;250m    [39m[38;5;124;03m"""[39;00m
[1;32m    481[0m [38;5;124;03m    Creates an `HDUList` instance from a file-like object.[39;00m
[1;32m    482[0m 
[0;32m   (...)[0m
[1;32m    485[0m [38;5;124;03m    documentation for details of the parameters accepted by this method).[39;00m
[1;32m    486[0m [38;5;124;03m    """[39;00m
[0;32m--> 487[0m     [38;5;28;01mreturn[39;00m [38;5;28mcls[39m[38;5;241m.[39m_readfrom(
[1;32m    488[0m         fileobj[38;5;241m=[39mfileobj,
[1;32m    489[0m         mode[38;5;241m=[39mmode,
[1;32m    490[0m         memmap[38;5;241m=[39mmemmap,
[1;32m    491[0m         save_backup[38;5;241m=[39msave_backup,
[1;32m    492[0m         cache[38;5;241m=[39mcache,
[1;32m    493[0m         ignore_missing_simple[38;5;241m=[39mignore_missing_simple,
[1;32m    494[0m         lazy_load_hdus[38;5;241m=[39mlazy_load_hdus,
[1;32m    495[0m         [38;5;241m*[39m[38;5;241m*[39mkwargs,
[1;32m    496[0m     )

File [0;32m~/anaconda/anaconda3/lib/python3.12/site-packages/astropy/io/fits/hdu/hdulist.py:1169[0m, in [0;36mHDUList._readfrom[0;34m(cls, fileobj, data, mode, memmap, cache, lazy_load_hdus, ignore_missing_simple, use_fsspec, fsspec_kwargs, decompress_in_memory, **kwargs)[0m
[1;32m   1166[0m [38;5;28;01mif[39;00m fileobj [38;5;129;01mis[39;00m [38;5;129;01mnot[39;00m [38;5;28;01mNone[39;00m:
[1;32m   1167[0m     [38;5;28;01mif[39;00m [38;5;129;01mnot[39;00m [38;5;28misinstance[39m(fileobj, _File):
[1;32m   1168[0m         [38;5;66;03m# instantiate a FITS file object (ffo)[39;00m
[0;32m-> 1169[0m         fileobj [38;5;241m=[39m _File(
[1;32m   1170[0m             fileobj,
[1;32m   1171[0m             mode[38;5;241m=[39mmode,
[1;32m   1172[0m             memmap[38;5;241m=[39mmemmap,
[1;32m   1173[0m             cache[38;5;241m=[39mcache,
[1;32m   1174[0m             use_fsspec[38;5;241m=[39muse_fsspec,
[1;32m   1175[0m             fsspec_kwargs[38;5;241m=[39mfsspec_kwargs,
[1;32m   1176[0m             decompress_in_memory[38;5;241m=[39mdecompress_in_memory,
[1;32m   1177[0m         )
[1;32m   1178[0m     [38;5;66;03m# The Astropy mode is determined by the _File initializer if the[39;00m
[1;32m   1179[0m     [38;5;66;03m# supplied mode was None[39;00m
[1;32m   1180[0m     mode [38;5;241m=[39m fileobj[38;5;241m.[39mmode

File [0;32m~/anaconda/anaconda3/lib/python3.12/site-packages/astropy/io/fits/file.py:218[0m, in [0;36m_File.__init__[0;34m(self, fileobj, mode, memmap, overwrite, cache, use_fsspec, fsspec_kwargs, decompress_in_memory)[0m
[1;32m    216[0m     [38;5;28mself[39m[38;5;241m.[39m_open_fileobj(fileobj, mode, overwrite)
[1;32m    217[0m [38;5;28;01melif[39;00m [38;5;28misinstance[39m(fileobj, ([38;5;28mstr[39m, [38;5;28mbytes[39m)):
[0;32m--> 218[0m     [38;5;28mself[39m[38;5;241m.[39m_open_filename(fileobj, mode, overwrite)
[1;32m    219[0m [38;5;28;01melse[39;00m:
[1;32m    220[0m     [38;5;28mself[39m[38;5;241m.[39m_open_filelike(fileobj, mode, overwrite)

File [0;32m~/anaconda/anaconda3/lib/python3.12/site-packages/astropy/io/fits/file.py:651[0m, in [0;36m_File._open_filename[0;34m(self, filename, mode, overwrite)[0m
[1;32m    648[0m ext [38;5;241m=[39m os[38;5;241m.[39mpath[38;5;241m.[39msplitext([38;5;28mself[39m[38;5;241m.[39mname)[[38;5;241m1[39m]
[1;32m    650[0m [38;5;28;01mif[39;00m [38;5;129;01mnot[39;00m [38;5;28mself[39m[38;5;241m.[39m_try_read_compressed([38;5;28mself[39m[38;5;241m.[39mname, magic, mode, ext[38;5;241m=[39mext):
[0;32m--> 651[0m     [38;5;28mself[39m[38;5;241m.[39m_file [38;5;241m=[39m [38;5;28mopen[39m([38;5;28mself[39m[38;5;241m.[39mname, IO_FITS_MODES[mode])
[1;32m    652[0m     [38;5;28mself[39m[38;5;241m.[39mclose_on_error [38;5;241m=[39m [38;5;28;01mTrue[39;00m
[1;32m    654[0m [38;5;66;03m# Make certain we're back at the beginning of the file[39;00m
[1;32m    655[0m [38;5;66;03m# BZ2File does not support seek when the file is open for writing, but[39;00m
[1;32m    656[0m [38;5;66;03m# when opening a file for write, bz2.BZ2File always truncates anyway.[39;00m

[0;31mFileNotFoundError[0m: [Errno 2] No such file or directory: '/mnt/e/DATA/NuSTAR/CygX-1/91002320002/products/nu91002320002A01_sr.pha'

