Traceback (most recent call last):
  File "/Users/honghui/anaconda/anaconda3/lib/python3.12/site-packages/jupyter_cache/executors/utils.py", line 58, in single_nb_execution
    executenb(
  File "/Users/honghui/anaconda/anaconda3/lib/python3.12/site-packages/nbclient/client.py", line 1305, in execute
    return NotebookClient(nb=nb, resources=resources, km=km, **kwargs).execute()
           ^^^^^^^^^^^^^^^^^^^^^^^^^^^^^^^^^^^^^^^^^^^^^^^^^^^^^^^^^^^^^^^^^^^^^
  File "/Users/honghui/anaconda/anaconda3/lib/python3.12/site-packages/jupyter_core/utils/__init__.py", line 165, in wrapped
    return loop.run_until_complete(inner)
           ^^^^^^^^^^^^^^^^^^^^^^^^^^^^^^
  File "/Users/honghui/anaconda/anaconda3/lib/python3.12/asyncio/base_events.py", line 685, in run_until_complete
    return future.result()
           ^^^^^^^^^^^^^^^
  File "/Users/honghui/anaconda/anaconda3/lib/python3.12/site-packages/nbclient/client.py", line 705, in async_execute
    await self.async_execute_cell(
  File "/Users/honghui/anaconda/anaconda3/lib/python3.12/site-packages/nbclient/client.py", line 1058, in async_execute_cell
    await self._check_raise_for_error(cell, cell_index, exec_reply)
  File "/Users/honghui/anaconda/anaconda3/lib/python3.12/site-packages/nbclient/client.py", line 914, in _check_raise_for_error
    raise CellExecutionError.from_cell_and_msg(cell, exec_reply_content)
nbclient.exceptions.CellExecutionError: An error occurred while executing the following cell:
------------------
# Ignore uneffective energy ranges
# The exact energy range to use depends on the intrument and
# also the data. For example, for NuSTAR, the effective energy
# range is 3.0-79.0 keV. However, depending on the data, the 
# background may dominate over the signal above a certain 
# energy.

xspec.AllData.ignore("1: **-3.0 79.0-**")
------------------

----- stderr -----

***XSPEC Error:  no data loaded
----- stdout -----
No such file: .pha
------------------

[0;31m---------------------------------------------------------------------------[0m
[0;31mException[0m                                 Traceback (most recent call last)
Cell [0;32mIn[4], line 8[0m
[1;32m      1[0m [38;5;66;03m# Ignore uneffective energy ranges[39;00m
[1;32m      2[0m [38;5;66;03m# The exact energy range to use depends on the intrument and[39;00m
[1;32m      3[0m [38;5;66;03m# also the data. For example, for NuSTAR, the effective energy[39;00m
[1;32m      4[0m [38;5;66;03m# range is 3.0-79.0 keV. However, depending on the data, the [39;00m
[1;32m      5[0m [38;5;66;03m# background may dominate over the signal above a certain [39;00m
[1;32m      6[0m [38;5;66;03m# energy.[39;00m
[0;32m----> 8[0m xspec[38;5;241m.[39mAllData[38;5;241m.[39mignore([38;5;124m"[39m[38;5;124m1: **-3.0 79.0-**[39m[38;5;124m"[39m)

File [0;32m~/heasoft/heasoft-6.35.2/aarch64-apple-darwin24.6.0/lib/python/xspec/data.py:579[0m, in [0;36mDataManager.ignore[0;34m(self, ignoreRange)[0m
[1;32m    577[0m         ignoreArgs [38;5;241m+[39m[38;5;241m=[39m [[38;5;124m"[39m[38;5;124m**:[39m[38;5;124m"[39m]
[1;32m    578[0m     ignoreArgs [38;5;241m+[39m[38;5;241m=[39m ignoreRange[38;5;241m.[39msplit()
[0;32m--> 579[0m     _pyXspec[38;5;241m.[39mdoXspecCmd(ignoreArgs)
[1;32m    580[0m [38;5;28;01melse[39;00m:
[1;32m    581[0m     [38;5;28;01mraise[39;00m [38;5;167;01mException[39;00m([38;5;124m"[39m[38;5;124mError: Argument to ignore function must be a string.[39m[38;5;124m"[39m)

[0;31mException[0m: Error executing command: ignore

